c:\users\randy\source\repos\websocketpp_server\websocketpp_server\x64\debug\vc143.pdb
c:\users\randy\source\repos\websocketpp_server\websocketpp_server\x64\debug\vc143.idb
c:\users\randy\source\repos\websocketpp_server\websocketpp_server\x64\debug\websocketpp_server.obj
c:\users\randy\source\repos\websocketpp_server\x64\debug\opencv_core4d.dll
c:\users\randy\source\repos\websocketpp_server\x64\debug\zlibd1.dll
c:\users\randy\source\repos\websocketpp_server\x64\debug\opencv_highgui4d.dll
c:\users\randy\source\repos\websocketpp_server\x64\debug\opencv_videoio4d.dll
c:\users\randy\source\repos\websocketpp_server\x64\debug\opencv_imgcodecs4d.dll
c:\users\randy\source\repos\websocketpp_server\x64\debug\opencv_imgproc4d.dll
c:\users\randy\source\repos\websocketpp_server\x64\debug\jpeg62.dll
c:\users\randy\source\repos\websocketpp_server\x64\debug\libwebpdecoder.dll
c:\users\randy\source\repos\websocketpp_server\x64\debug\libwebp.dll
c:\users\randy\source\repos\websocketpp_server\x64\debug\libsharpyuv.dll
c:\users\randy\source\repos\websocketpp_server\x64\debug\libpng16d.dll
c:\users\randy\source\repos\websocketpp_server\x64\debug\tiffd.dll
c:\users\randy\source\repos\websocketpp_server\x64\debug\liblzma.dll
c:\users\randy\source\repos\websocketpp_server\x64\debug\turbojpeg.dll
c:\users\randy\source\repos\websocketpp_server\websocketpp_server\x64\debug\websocketpp_server.ilk
c:\users\randy\source\repos\websocketpp_server\x64\debug\websocketpp_server.pdb
c:\users\randy\source\repos\websocketpp_server\x64\debug\websocketpp_server.exe
c:\users\randy\source\repos\websocketpp_server\websocketpp_server\x64\debug\websocke.21e4a623.tlog\cl.command.1.tlog
c:\users\randy\source\repos\websocketpp_server\websocketpp_server\x64\debug\websocke.21e4a623.tlog\cl.items.tlog
c:\users\randy\source\repos\websocketpp_server\websocketpp_server\x64\debug\websocke.21e4a623.tlog\cl.read.1.tlog
c:\users\randy\source\repos\websocketpp_server\websocketpp_server\x64\debug\websocke.21e4a623.tlog\cl.write.1.tlog
c:\users\randy\source\repos\websocketpp_server\websocketpp_server\x64\debug\websocke.21e4a623.tlog\link.command.1.tlog
c:\users\randy\source\repos\websocketpp_server\websocketpp_server\x64\debug\websocke.21e4a623.tlog\link.read.1.tlog
c:\users\randy\source\repos\websocketpp_server\websocketpp_server\x64\debug\websocke.21e4a623.tlog\link.write.1.tlog
c:\users\randy\source\repos\websocketpp_server\websocketpp_server\x64\debug\websocke.21e4a623.tlog\websocketpp_server.write.1u.tlog
